[2022-05-26T15:58:56.012] [DEBUG] cheese - login => username:admin,password:123456
[2022-05-26T15:58:56.016] [DEBUG] cheese - admin
[2022-05-26T15:58:56.045] [DEBUG] cheese - null
[2022-05-26T15:58:56.045] [DEBUG] cheese - null
[2022-05-26T20:47:28.230] [DEBUG] cheese - login => username:zs1,password:1231
[2022-05-26T20:47:28.239] [DEBUG] cheese - zs1
[2022-05-26T20:47:28.295] [DEBUG] cheese - null
[2022-05-26T20:47:28.296] [DEBUG] cheese - null
[2022-05-26T20:52:02.855] [DEBUG] cheese - login => username:zs1,password:1231
[2022-05-26T20:52:02.855] [DEBUG] cheese - zs1
[2022-05-26T20:52:02.863] [DEBUG] cheese - null
[2022-05-26T20:52:02.863] [DEBUG] cheese - null
[2022-05-26T20:55:39.612] [DEBUG] cheese - login => username:zs11,password:12311
[2022-05-26T20:55:39.613] [DEBUG] cheese - zs11
[2022-05-26T20:55:39.617] [DEBUG] cheese - null
[2022-05-26T20:55:39.617] [DEBUG] cheese - null
[2022-05-26T20:57:28.702] [DEBUG] cheese - login => username:zs11,password:1231
[2022-05-26T20:57:28.702] [DEBUG] cheese - zs11
[2022-05-26T20:57:28.705] [DEBUG] cheese - null
[2022-05-26T20:57:28.705] [DEBUG] cheese - null
[2022-05-26T21:03:19.469] [DEBUG] cheese - login => username:zs11,password:123
[2022-05-26T21:03:19.469] [DEBUG] cheese - zs11
[2022-05-26T21:03:19.473] [DEBUG] cheese - null
[2022-05-26T21:03:19.473] [DEBUG] cheese - null
[2022-05-26T21:03:28.604] [DEBUG] cheese - login => username:admin,password:123456
[2022-05-26T21:03:28.604] [DEBUG] cheese - admin
[2022-05-26T21:03:28.612] [DEBUG] cheese - null
[2022-05-26T21:03:28.612] [DEBUG] cheese - null
[2022-05-26T21:10:35.966] [DEBUG] cheese - login => username:admin,password:123456
[2022-05-26T21:10:35.966] [DEBUG] cheese - admin
[2022-05-26T21:10:35.970] [DEBUG] cheese - null
[2022-05-26T21:10:35.970] [DEBUG] cheese - null
[2022-05-26T21:13:23.808] [DEBUG] cheese - login => username:admin,password:123456
[2022-05-26T21:13:23.808] [DEBUG] cheese - admin
[2022-05-26T21:13:23.812] [DEBUG] cheese - null
[2022-05-26T21:13:23.812] [DEBUG] cheese - null
[2022-05-26T21:13:31.749] [DEBUG] cheese - login => username:admin,password:123456
[2022-05-26T21:13:31.749] [DEBUG] cheese - admin
[2022-05-26T21:13:31.752] [DEBUG] cheese - null
[2022-05-26T21:13:31.752] [DEBUG] cheese - null
[2022-05-26T21:17:09.145] [DEBUG] cheese - login => username:admin,password:123456
[2022-05-26T21:17:09.146] [DEBUG] cheese - admin
[2022-05-26T21:17:09.152] [DEBUG] cheese - null
[2022-05-26T21:17:09.152] [DEBUG] cheese - null
[2022-05-26T21:25:38.124] [DEBUG] cheese - login => username:admin,password:123456
[2022-05-26T21:25:38.124] [DEBUG] cheese - admin
[2022-05-26T21:25:38.130] [DEBUG] cheese - null
[2022-05-26T21:25:38.130] [DEBUG] cheese - null
[2022-05-26T21:30:33.435] [DEBUG] cheese - login => username:admin,password:123456
[2022-05-26T21:30:33.435] [DEBUG] cheese - admin
[2022-05-26T21:30:33.440] [DEBUG] cheese - null
[2022-05-26T21:30:33.440] [DEBUG] cheese - null
[2022-05-28T10:30:52.901] [DEBUG] cheese - login => username:admin,password:123456
[2022-05-28T10:30:52.903] [DEBUG] cheese - admin
[2022-05-28T10:30:52.943] [DEBUG] cheese - null
[2022-05-28T10:30:52.943] [DEBUG] cheese - null
[2022-05-28T10:51:52.303] [DEBUG] cheese - login => username:admin,password:123456
[2022-05-28T10:51:52.303] [DEBUG] cheese - admin
[2022-05-28T10:51:52.307] [DEBUG] cheese - null
[2022-05-28T10:51:52.307] [DEBUG] cheese - null
[2022-05-30T11:25:15.202] [DEBUG] cheese - login => username:admin,password:123456
[2022-05-30T11:25:15.203] [DEBUG] cheese - admin
[2022-05-30T11:25:15.242] [DEBUG] cheese - null
[2022-05-30T11:25:15.242] [DEBUG] cheese - null
